
> feature-model-creator@1.0.0 dev
> vite


  VITE v5.4.21  ready in 271 ms

  ➜  Local:   http://localhost:5173/
  ➜  Network: use --host to expose
4:21:53 PM [vite] hmr update /index.css?direct
4:22:17 PM [vite] page reload index.html
4:22:27 PM [vite] page reload index.html
4:25:53 PM [vite] page reload src/canvas.js
4:26:16 PM [vite] page reload src/main.js
4:30:48 PM [vite] page reload src/graph.js
4:32:21 PM [vite] page reload src/graph.js
4:33:38 PM [vite] page reload src/graph.js
4:33:54 PM [vite] page reload src/canvas.js
4:34:16 PM [vite] page reload src/main.js
4:34:16 PM [vite] Pre-transform error: Failed to parse source for import analysis because the content contains invalid JS syntax. If you are using JSX, make sure to name the file with the .jsx or .tsx extension.
4:34:16 PM [vite] Internal server error: Failed to parse source for import analysis because the content contains invalid JS syntax. If you are using JSX, make sure to name the file with the .jsx or .tsx extension.
  Plugin: vite:import-analysis
  File: /home/user/Feature-model/frontend/src/main.js:1:1
  1  |  /**
     |  ^
  2  |   * main.js — Application entry point
  3  |   * Wires up all modules and handles mode switching.
      at TransformPluginContext._formatError (file:///home/user/Feature-model/frontend/node_modules/vite/dist/node/chunks/dep-BK3b2jBa.js:49258:41)
      at TransformPluginContext.error (file:///home/user/Feature-model/frontend/node_modules/vite/dist/node/chunks/dep-BK3b2jBa.js:49253:16)
      at TransformPluginContext.transform (file:///home/user/Feature-model/frontend/node_modules/vite/dist/node/chunks/dep-BK3b2jBa.js:64259:14)
      at async PluginContainer.transform (file:///home/user/Feature-model/frontend/node_modules/vite/dist/node/chunks/dep-BK3b2jBa.js:49099:18)
      at async loadAndTransform (file:///home/user/Feature-model/frontend/node_modules/vite/dist/node/chunks/dep-BK3b2jBa.js:51978:27)
      at async viteTransformMiddleware (file:///home/user/Feature-model/frontend/node_modules/vite/dist/node/chunks/dep-BK3b2jBa.js:62106:24)
4:34:22 PM [vite] page reload src/config.js
4:34:22 PM [vite] Pre-transform error: Failed to parse source for import analysis because the content contains invalid JS syntax. If you are using JSX, make sure to name the file with the .jsx or .tsx extension.
4:34:22 PM [vite] Internal server error: Failed to parse source for import analysis because the content contains invalid JS syntax. If you are using JSX, make sure to name the file with the .jsx or .tsx extension.
  Plugin: vite:import-analysis
  File: /home/user/Feature-model/frontend/src/main.js:1:1
  1  |  /**
     |  ^
  2  |   * main.js — Application entry point
  3  |   * Wires up all modules and handles mode switching.
      at TransformPluginContext._formatError (file:///home/user/Feature-model/frontend/node_modules/vite/dist/node/chunks/dep-BK3b2jBa.js:49258:41)
      at TransformPluginContext.error (file:///home/user/Feature-model/frontend/node_modules/vite/dist/node/chunks/dep-BK3b2jBa.js:49253:16)
      at TransformPluginContext.transform (file:///home/user/Feature-model/frontend/node_modules/vite/dist/node/chunks/dep-BK3b2jBa.js:64259:14)
      at async PluginContainer.transform (file:///home/user/Feature-model/frontend/node_modules/vite/dist/node/chunks/dep-BK3b2jBa.js:49099:18)
      at async loadAndTransform (file:///home/user/Feature-model/frontend/node_modules/vite/dist/node/chunks/dep-BK3b2jBa.js:51978:27)
      at async viteTransformMiddleware (file:///home/user/Feature-model/frontend/node_modules/vite/dist/node/chunks/dep-BK3b2jBa.js:62106:24)
4:34:24 PM [vite] page reload src/main.js
4:34:24 PM [vite] page reload src/canvas.js
4:34:24 PM [vite] page reload src/graph.js
4:36:31 PM [vite] page reload src/graph.js
4:36:40 PM [vite] page reload src/canvas.js
4:37:34 PM [vite] page reload src/main.js
4:37:39 PM [vite] page reload src/canvas.js
4:42:23 PM [vite] hmr update /index.css?direct
4:42:29 PM [vite] page reload src/main.js
4:42:37 PM [vite] page reload src/canvas.js
4:46:35 PM [vite] page reload src/canvas.js
4:47:05 PM [vite] page reload src/canvas.js
4:47:19 PM [vite] page reload src/canvas.js
4:47:55 PM [vite] page reload src/canvas.js
4:48:19 PM [vite] page reload src/canvas.js
4:48:41 PM [vite] page reload src/main.js
4:51:11 PM [vite] page reload src/main.js
4:57:20 PM [vite] page reload index.html
4:57:26 PM [vite] page reload src/main.js
5:00:46 PM [vite] page reload index.html
5:00:58 PM [vite] page reload src/canvas.js
5:01:17 PM [vite] page reload src/graph.js
5:01:26 PM [vite] page reload src/main.js
5:01:37 PM [vite] page reload src/main.js
5:04:51 PM [vite] page reload src/canvas.js
5:05:05 PM [vite] page reload src/canvas.js
5:05:30 PM [vite] hmr update /index.css?direct
5:05:41 PM [vite] page reload src/canvas.js
5:06:21 PM [vite] hmr update /index.css?direct
5:06:27 PM [vite] page reload src/canvas.js
5:07:01 PM [vite] hmr update /index.css?direct
5:07:10 PM [vite] hmr update /index.css?direct
5:07:15 PM [vite] page reload src/canvas.js
5:08:15 PM [vite] hmr update /index.css?direct
5:08:20 PM [vite] page reload src/canvas.js
5:09:03 PM [vite] hmr update /index.css?direct
5:09:09 PM [vite] page reload src/canvas.js
5:11:06 PM [vite] hmr update /index.css?direct
5:11:13 PM [vite] page reload src/config.js
5:11:38 PM [vite] page reload src/canvas.js
