
[93mACE v2.5 [0m

  [94minstance[0m
    name:test_xor_logic
    args:test_xor_logic.xml

 [33m...Loading[0m variables

 [33m...Loading[0m constraints

  [94mdomains[0m
    types:1  values:8  sizes:[2:4]
  [94mvariables[0m
    count:4  arrays:[b:4]  degrees:[2:4]
  [94mconstraints[0m
    count:5  specific:5  arities:[1:3,2:1,3:1]
    distribution:[Extension1:3,Sub2EQ:1,SumWeightedEQ:1]
    wck:0.22  cpu:0.753  mem:24M101

 [33m...Building[0m solver

  [94msolver[0m
    guaranteedAC:true
    wck:0.26  cpu:0.786  mem:29M875

  [94mpreprocessing[0m
    effs:5  values:4  unsat:true
    wck:0.001  cpu:0.787  mem:29M875

  [94msearch[0m

  [94mglobal[0m
    effs:5
    stop:FULL_EXPLORATION
    wck:0.26  cpu:0.788  mem:29M875

[92ms UNSATISFIABLE[0m
[92m
d WRONG DECISIONS[0m  0
[92md FOUND SOLUTIONS[0m  0
[92md COMPLETE EXPLORATION[0m

c real time : 0.789
