
[93mACE v2.5 [0m

  [94minstance[0m
    name:app
    args:app.xml

 [33m...Loading[0m variables

 [33m...Loading[0m constraints

  [94mdomains[0m
    types:2  values:12  deleted:1  sizes:[2:5,3:1]
  [94mvariables[0m
    count:6  arrays:[x:3,r:1,aux_gb:2]  degrees:[2:2,3:4]
  [94mconstraints[0m
    count:9  specific:9  arities:[1:4,2:3,3:2]
    distribution:[Extension1:4,Mul2bEQ:1,Sub2EQ:2,SumWeightedGE:1,SumWeightedLE:1]
    wck:0.24  cpu:0.793  mem:24M933

 [33m...Building[0m solver

  [94msolver[0m
    guaranteedAC:true
    wck:0.27  cpu:0.814  mem:30M403

  [94mpreprocessing[0m
    effs:2  values:11  unsat:true
    cpu:0.815  mem:30M403

  [94msearch[0m

  [94mglobal[0m
    effs:2
    stop:FULL_EXPLORATION
    wck:0.27  cpu:0.816  mem:30M654

[92ms UNSATISFIABLE[0m
[92m
d WRONG DECISIONS[0m  0
[92md FOUND SOLUTIONS[0m  0
[92md COMPLETE EXPLORATION[0m

c real time : 0.817
