
[93mACE v2.5 [0m

  [94minstance[0m
    name:app
    args:app.xml

 [33m...Loading[0m variables

 [33m...Loading[0m constraints

  [94mdomains[0m
    types:1  values:6  sizes:[2:3]
  [94mvariables[0m
    count:3  arrays:[x:3]  degrees:[2:2,4:1]
  [94mconstraints[0m
    count:6  specific:6  arities:[1:4,2:2]
    distribution:[Extension1:4,Sub2EQ:2]
    wck:0.10  cpu:0.39  mem:23M428

 [33m...Building[0m solver

  [94msolver[0m
    guaranteedAC:true
    wck:0.11  cpu:0.4  mem:28M905

  [94mpreprocessing[0m
    effs:4  values:3  unsat:true
    cpu:0.401  mem:28M905

  [94msearch[0m

  [94mglobal[0m
    effs:4
    stop:FULL_EXPLORATION
    wck:0.12  cpu:0.401  mem:28M905

[92ms UNSATISFIABLE[0m
[92m
d WRONG DECISIONS[0m  0
[92md FOUND SOLUTIONS[0m  0
[92md COMPLETE EXPLORATION[0m

c real time : 0.401
