
[93mACE v2.5 [0m

  [94minstance[0m
    name:app
    args:app.xml

 [33m...Loading[0m variables

 [33m...Loading[0m constraints

  [94mdomains[0m
    types:1  values:6  sizes:[2:3]
  [94mvariables[0m
    count:3  arrays:[x:3]  degrees:[2:2,4:1]
  [94mconstraints[0m
    count:6  specific:6  arities:[1:4,2:2]
    distribution:[Extension1:4,Sub2EQ:2]
    wck:0.09  cpu:0.367  mem:23M350

 [33m...Building[0m solver

  [94msolver[0m
    guaranteedAC:true
    wck:0.10  cpu:0.377  mem:28M830

  [94mpreprocessing[0m
    effs:3  values:3  removedByAC:3  unsat:false
    cpu:0.378  mem:28M830

  [94msearch[0m
    run1  dpts:-1..0  effs:3  wck:0.00  sols:1

  [94mglobal[0m
    effs:3
    stop:REACHED_GOAL  sols:1  sol1Cpu:0.378
    wck:0.10  cpu:0.38  mem:29M350


  Solution 1 in JSON format:
   {'x': [1, 1, 1]}

[92ms SATISFIABLE[0m
[92m
v[0m  <instantiation id='sol1' type='solution'> <list> x[] </list> <values> 1x3 </values> </instantiation>
[92m
d WRONG DECISIONS[0m  0
[92md FOUND SOLUTIONS[0m  1
[92md WCK FIRST[0m 0.10
[92md WCK LAST[0m  0.10
[91md INCOMPLETE EXPLORATION[0m

c real time : 0.382
