
[93mACE v2.5 [0m

  [94minstance[0m
    name:app
    args:app.xml

 [33m...Loading[0m variables

 [33m...Loading[0m constraints

  [94mdomains[0m
    types:2  values:20  deleted:1  sizes:[2:9,3:1]
  [94mvariables[0m
    count:10  arrays:[x:7,r:2,aux_gb:1]  degrees:[2:4,3:5,4:1]
  [94mconstraints[0m
    count:16  specific:16  arities:[1:8,2:5,3:3]
    distribution:[Extension1:8,Mul2bEQ:1,Sub2EQ:3,Sub2LE:1,SumWeightedEQ:1,SumWeightedGE:1,SumWeightedLE:1]
    wck:0.26  cpu:0.863  mem:24M887

 [33m...Building[0m solver

  [94msolver[0m
    guaranteedAC:true
    wck:0.29  cpu:0.887  mem:30M630

  [94mpreprocessing[0m
    effs:10  values:10  removedByAC:10  unsat:false
    cpu:0.888  mem:30M630

  [94msearch[0m
    run1  dpts:-1..0  effs:10  wck:0.00  sols:1

  [94mglobal[0m
    effs:10
    stop:REACHED_GOAL  sols:1  sol1Cpu:0.889
    wck:0.29  cpu:0.892  mem:30M885


  Solution 1 in JSON format:
   {
    x: [1, 0, 1, 1, 0, 1, 1],
    r: [1, 1],
    aux_gb: [2]
   }

[92ms SATISFIABLE[0m
[92m
v[0m  <instantiation id='sol1' type='solution'> <list> x[] r[] aux_gb[] </list> <values> 1 0 1 1 0 1 1   1 1   2 </values> </instantiation>
[92m
d WRONG DECISIONS[0m  0
[92md FOUND SOLUTIONS[0m  1
[92md WCK FIRST[0m 0.29
[92md WCK LAST[0m  0.29
[91md INCOMPLETE EXPLORATION[0m

c real time : 0.9
