
[93mACE v2.5 [0m

  [94minstance[0m
    name:test_xor_logic
    args:test_xor_logic.xml

 [33m...Loading[0m variables

 [33m...Loading[0m constraints

  [94mdomains[0m
    types:2  values:14  deleted:1  sizes:[2:6,3:1]
  [94mvariables[0m
    count:7  arrays:[v:5,aux_gb:2]  degrees:[2:3,3:4]
  [94mconstraints[0m
    count:9  specific:9  arities:[1:4,2:3,4:2]
    distribution:[Extension1:4,Mul2bEQ:1,Sub2EQ:2,SumWeightedGE:1,SumWeightedLE:1]
    wck:0.24  cpu:0.751  mem:24M911

 [33m...Building[0m solver

  [94msolver[0m
    guaranteedAC:true
    wck:0.27  cpu:0.777  mem:30M401

  [94mpreprocessing[0m
    effs:8  values:7  unsat:true
    wck:0.001  cpu:0.778  mem:30M401

  [94msearch[0m

  [94mglobal[0m
    effs:8
    stop:FULL_EXPLORATION
    wck:0.27  cpu:0.779  mem:30M653

[92ms UNSATISFIABLE[0m
[92m
d WRONG DECISIONS[0m  0
[92md FOUND SOLUTIONS[0m  0
[92md COMPLETE EXPLORATION[0m

c real time : 0.78
