
[93mACE v2.5 [0m

  [94minstance[0m
    name:app
    args:app.xml

 [33m...Loading[0m variables

 [33m...Loading[0m constraints

  [94mdomains[0m
    types:1  values:4  sizes:[2:2]
  [94mvariables[0m
    count:2  arrays:[x:2]  degrees:[2:2]
  [94mconstraints[0m
    count:4  specific:4  arities:[1:4]
    distribution:[Extension1:4]
    wck:0.21  cpu:0.734  mem:19M385

 [33m...Building[0m solver

  [94msolver[0m
    guaranteedAC:true
    wck:0.24  cpu:0.757  mem:25M11

  [94mpreprocessing[0m
    effs:2  values:2  removedByAC:2  unsat:false
    cpu:0.759  mem:25M11

  [94msearch[0m
    run1  dpts:-1..0  effs:2  wck:0.00  sols:1

  [94mglobal[0m
    effs:2
    stop:REACHED_GOAL  sols:1  sol1Cpu:0.759
    wck:0.25  cpu:0.762  mem:25M11


  Solution 1 in JSON format:
   {'x': [1, 1]}

[92ms SATISFIABLE[0m
[92m
v[0m  <instantiation id='sol1' type='solution'> <list> x[] </list> <values> 1 1 </values> </instantiation>
[92m
d WRONG DECISIONS[0m  0
[92md FOUND SOLUTIONS[0m  1
[92md WCK FIRST[0m 0.24
[92md WCK LAST[0m  0.24
[91md INCOMPLETE EXPLORATION[0m

c real time : 0.768
