
[93mACE v2.5 [0m

  [94minstance[0m
    name:app
    args:app.xml

 [33m...Loading[0m variables

 [33m...Loading[0m constraints

  [94mdomains[0m
    types:1  values:12  sizes:[2:6]
  [94mvariables[0m
    count:6  arrays:[x:3,r:1,aux_gb:2]  degrees:[2:2,3:4]
  [94mconstraints[0m
    count:9  specific:9  arities:[1:4,2:3,3:2]
    distribution:[Extension1:4,Sub2EQ:3,SumWeightedGE:1,SumWeightedLE:1]
    wck:0.21  cpu:0.759  mem:24M455

 [33m...Building[0m solver

  [94msolver[0m
    guaranteedAC:true
    wck:0.23  cpu:0.78  mem:29M924

  [94mpreprocessing[0m
    effs:6  values:6  removedByAC:6  unsat:false
    cpu:0.781  mem:29M924

  [94msearch[0m
    run1  dpts:-1..0  effs:6  wck:0.00  sols:1

  [94mglobal[0m
    effs:6
    stop:REACHED_GOAL  sols:1  sol1Cpu:0.782
    wck:0.24  cpu:0.787  mem:30M444


  Solution 1 in JSON format:
   {
    x: [1, 0, 1],
    r: [1],
    aux_gb: [1, 1]
   }

[92ms SATISFIABLE[0m
[92m
v[0m  <instantiation id='sol1' type='solution'> <list> x[] r[] aux_gb[] </list> <values> 1 0 1   1   1 1 </values> </instantiation>
[92m
d WRONG DECISIONS[0m  0
[92md FOUND SOLUTIONS[0m  1
[92md WCK FIRST[0m 0.23
[92md WCK LAST[0m  0.23
[91md INCOMPLETE EXPLORATION[0m

c real time : 0.792
