
[93mACE v2.5 [0m

  [94minstance[0m
    name:test_multi_call
    args:test_multi_call.xml

 [33m...Loading[0m variables

 [33m...Loading[0m constraints

  [94mdomains[0m
    types:2  values:11  sizes:[2:4,3:1]
  [94mvariables[0m
    count:5  arrays:[x:3,r:1,aux_gb:1]  degrees:[3:4,5:1]
  [94mconstraints[0m
    count:10  specific:8  arities:[1:4,2:5,3:1]
    distribution:[Extension1:4,Intension:2,STR0a-Table:1,Sub2EQ:3]
    tables:[4:1]  tuples:4
    extStructures:(1,shared:0)  intStructures:(2,shared:0)
    wck:0.28  cpu:0.907  mem:25M655

 [33m...Building[0m solver

  [94msolver[0m
    guaranteedAC:true
    wck:0.30  cpu:0.928  mem:31M433

  [94mpreprocessing[0m
    effs:6  revisions:(4,useless=3)  values:5  unsat:true
    cpu:0.929  mem:31M433

  [94msearch[0m

  [94mglobal[0m
    effs:6  revisions:(4,useless=3)
    stop:FULL_EXPLORATION
    wck:0.30  cpu:0.93  mem:31M433

[92ms UNSATISFIABLE[0m
[92m
d WRONG DECISIONS[0m  0
[92md FOUND SOLUTIONS[0m  0
[92md COMPLETE EXPLORATION[0m

c real time : 0.931
