
[93mACE v2.5 [0m

  [94minstance[0m
    name:app
    args:app.xml

 [33m...Loading[0m variables

 [33m...Loading[0m constraints

  [94mdomains[0m
    types:1  values:8  sizes:[2:4]
  [94mvariables[0m
    count:4  arrays:[x:3,r:1]  degrees:[2:3,3:1]
  [94mconstraints[0m
    count:6  specific:6  arities:[1:4,2:1,3:1]
    distribution:[Extension1:4,Sub2EQ:1,SumWeightedEQ:1]
    wck:0.32  cpu:0.961  mem:24M113

 [33m...Building[0m solver

  [94msolver[0m
    guaranteedAC:true
    wck:0.35  cpu:0.989  mem:29M856

  [94mpreprocessing[0m
    effs:2  values:7  unsat:true
    wck:0.001  cpu:0.99  mem:29M856

  [94msearch[0m

  [94mglobal[0m
    effs:2
    stop:FULL_EXPLORATION
    wck:0.35  cpu:0.991  mem:29M856

[92ms UNSATISFIABLE[0m
[92m
d WRONG DECISIONS[0m  0
[92md FOUND SOLUTIONS[0m  0
[92md COMPLETE EXPLORATION[0m

c real time : 0.992
