
[93mACE v2.5 [0m

  [94minstance[0m
    name:app
    args:app.xml

 [33m...Loading[0m variables

 [33m...Loading[0m constraints

  [94mdomains[0m
    types:2  values:12  deleted:1  sizes:[2:5,3:1]
  [94mvariables[0m
    count:6  arrays:[x:3,r:1,aux_gb:2]  degrees:[2:2,3:4]
  [94mconstraints[0m
    count:9  specific:9  arities:[1:4,2:3,3:2]
    distribution:[Extension1:4,Mul2bEQ:1,Sub2EQ:2,SumWeightedGE:1,SumWeightedLE:1]
    wck:0.23  cpu:0.84  mem:24M930

 [33m...Building[0m solver

  [94msolver[0m
    guaranteedAC:true
    wck:0.27  cpu:0.873  mem:30M399

  [94mpreprocessing[0m
    effs:6  values:6  removedByAC:6  unsat:false
    cpu:0.873  mem:30M399

  [94msearch[0m
    run1  dpts:-1..0  effs:6  wck:0.00  sols:1

  [94mglobal[0m
    effs:6
    stop:REACHED_GOAL  sols:1  sol1Cpu:0.874
    wck:0.27  cpu:0.877  mem:30M919


  Solution 1 in JSON format:
   {
    x: [1, 1, 1],
    r: [1],
    aux_gb: [1, 2]
   }

[92ms SATISFIABLE[0m
[92m
v[0m  <instantiation id='sol1' type='solution'> <list> x[] r[] aux_gb[] </list> <values> 1x3   1   1 2 </values> </instantiation>
[92m
d WRONG DECISIONS[0m  0
[92md FOUND SOLUTIONS[0m  1
[92md WCK FIRST[0m 0.27
[92md WCK LAST[0m  0.27
[91md INCOMPLETE EXPLORATION[0m

c real time : 0.885
