
[93mACE v2.5 [0m

  [94minstance[0m
    name:test_solver
    args:test_solver.xml

 [33m...Loading[0m variables

 [33m...Loading[0m constraints

  [94mdomains[0m
    types:1  values:4  sizes:[2:2]
  [94mvariables[0m
    count:2  arrays:[x:2]  degrees:[1:2]
  [94mconstraints[0m
    count:1  specific:1  arities:[2:1]
    distribution:[SumSimpleEQBoolean:1]
    wck:0.16  cpu:0.686  mem:21M252

 [33m...Building[0m solver

  [94msolver[0m
    guaranteedAC:true
    wck:0.19  cpu:0.713  mem:26M994

  [94mpreprocessing[0m
    values:4  unsat:false
    cpu:0.714  mem:26M994

  [94msearch[0m
    run1  dpts:-1..1  effs:1  wck:0.00  sols:1

  [94mglobal[0m
    effs:1
    stop:REACHED_GOAL  sols:1  sol1Cpu:0.716
    wck:0.20  cpu:0.722  mem:27M245


  Solution 1 in JSON format:
   {'x': [0, 1]}

[92ms SATISFIABLE[0m
[92m
v[0m  <instantiation id='sol1' type='solution'> <list> x[] </list> <values> 0 1 </values> </instantiation>
[92m
d WRONG DECISIONS[0m  0
[92md FOUND SOLUTIONS[0m  1
[92md WCK FIRST[0m 0.20
[92md WCK LAST[0m  0.20
[91md INCOMPLETE EXPLORATION[0m

c real time : 0.728
