
[93mACE v2.5 [0m

  [94minstance[0m
    name:test_xor_logic
    args:test_xor_logic.xml

 [33m...Loading[0m variables

 [33m...Loading[0m constraints

  [94mdomains[0m
    types:1  values:8  sizes:[2:4]
  [94mvariables[0m
    count:4  arrays:[]  degrees:[3:4]
  [94mconstraints[0m
    count:7  specific:5  arities:[1:4,2:1,3:2]
    distribution:[Extension1:4,Intension:2,Sub2EQ:1]
    intStructures:(2,shared:0)
    wck:0.20  cpu:0.743  mem:23M360

 [33m...Building[0m solver

  [94msolver[0m
    guaranteedAC:true
    wck:0.23  cpu:0.765  mem:29M136

  [94mpreprocessing[0m
    effs:5  revisions:(6,useless=5)  values:4  unsat:true
    wck:0.001  cpu:0.767  mem:29M136

  [94msearch[0m

  [94mglobal[0m
    effs:5  revisions:(6,useless=5)
    stop:FULL_EXPLORATION
    wck:0.23  cpu:0.767  mem:29M136

[92ms UNSATISFIABLE[0m
[92m
d WRONG DECISIONS[0m  0
[92md FOUND SOLUTIONS[0m  0
[92md COMPLETE EXPLORATION[0m

c real time : 0.768
