
[93mACE v2.5 [0m

  [94minstance[0m
    name:app
    args:app.xml

 [33m...Loading[0m variables

 [33m...Loading[0m constraints

  [94mdomains[0m
    types:1  values:8  sizes:[2:4]
  [94mvariables[0m
    count:4  arrays:[x:3,r:1]  degrees:[2:3,3:1]
  [94mconstraints[0m
    count:6  specific:6  arities:[1:4,2:1,3:1]
    distribution:[Extension1:4,Sub2EQ:1,SumWeightedEQ:1]
    wck:0.21  cpu:0.696  mem:24M95

 [33m...Building[0m solver

  [94msolver[0m
    guaranteedAC:true
    wck:0.24  cpu:0.72  mem:29M838

  [94mpreprocessing[0m
    effs:5  values:4  unsat:true
    cpu:0.721  mem:29M838

  [94msearch[0m

  [94mglobal[0m
    effs:5
    stop:FULL_EXPLORATION
    wck:0.24  cpu:0.722  mem:29M838

[92ms UNSATISFIABLE[0m
[92m
d WRONG DECISIONS[0m  0
[92md FOUND SOLUTIONS[0m  0
[92md COMPLETE EXPLORATION[0m

c real time : 0.724
